# JRE version: Java(TM) SE Runtime Environment (8.0_66-b18) (build 1.8.0_66-b18)
# Java VM: Java HotSpot(TM) Client VM (25.66-b18 mixed mode windows-x86 )
Heap:
 def new generation   total 11520K, used 11028K [0x05600000, 0x06280000, 0x1ab50000)
  eden space 10240K,  95% used [0x05600000, 0x05f85360, 0x06000000)
  from space 1280K, 100% used [0x06140000, 0x06280000, 0x06280000)
  to   space 1280K,   0% used [0x06000000, 0x06000000, 0x06140000)
 tenured generation   total 25464K, used 16825K [0x1ab50000, 0x1c42e000, 0x45600000)
   the space 25464K,  66% used [0x1ab50000, 0x1bbbe658, 0x1bbbe800, 0x1c42e000)
 Metaspace       used 32697K, capacity 34402K, committed 34432K, reserved 35200K
GC Heap History (10 events):
Event: 4708.325 GC heap before
{Heap before GC invocations=138 (full 7):
 def new generation   total 11520K, used 11061K [0x05600000, 0x06280000, 0x1ab50000)
  eden space 10240K, 100% used [0x05600000, 0x06000000, 0x06000000)
  from space 1280K,  64% used [0x06000000, 0x060cd588, 0x06140000)
  to   space 1280K,   0% used [0x06140000, 0x06140000, 0x06280000)
 tenured generation   total 25464K, used 14088K [0x1ab50000, 0x1c42e000, 0x45600000)
   the space 25464K,  55% used [0x1ab50000, 0x1b9121b8, 0x1b912200, 0x1c42e000)
 Metaspace       used 32563K, capacity 34212K, committed 34304K, reserved 35200K
Event: 4708.329 GC heap after
Heap after GC invocations=139 (full 7):
 def new generation   total 11520K, used 352K [0x05600000, 0x06280000, 0x1ab50000)
  eden space 10240K,   0% used [0x05600000, 0x05600000, 0x06000000)
  from space 1280K,  27% used [0x06140000, 0x06198168, 0x06280000)
  to   space 1280K,   0% used [0x06000000, 0x06000000, 0x06140000)
 tenured generation   total 25464K, used 14785K [0x1ab50000, 0x1c42e000, 0x45600000)
   the space 25464K,  58% used [0x1ab50000, 0x1b9c06d0, 0x1b9c0800, 0x1c42e000)
 Metaspace       used 32563K, capacity 34212K, committed 34304K, reserved 35200K
}
Event: 4708.402 GC heap before
{Heap before GC invocations=139 (full 7):
 def new generation   total 11520K, used 10592K [0x05600000, 0x06280000, 0x1ab50000)
  eden space 10240K, 100% used [0x05600000, 0x06000000, 0x06000000)
  from space 1280K,  27% used [0x06140000, 0x06198168, 0x06280000)
  to   space 1280K,   0% used [0x06000000, 0x06000000, 0x06140000)
 tenured generation   total 25464K, used 14785K [0x1ab50000, 0x1c42e000, 0x45600000)
   the space 25464K,  58% used [0x1ab50000, 0x1b9c06d0, 0x1b9c0800, 0x1c42e000)
 Metaspace       used 32570K, capacity 34224K, committed 34304K, reserved 35200K
Event: 4708.405 GC heap after
Heap after GC invocations=140 (full 7):
 def new generation   total 11520K, used 877K [0x05600000, 0x06280000, 0x1ab50000)
  eden space 10240K,   0% used [0x05600000, 0x05600000, 0x06000000)
  from space 1280K,  68% used [0x06000000, 0x060db5a0, 0x06140000)
  to   space 1280K,   0% used [0x06140000, 0x06140000, 0x06280000)
 tenured generation   total 25464K, used 14785K [0x1ab50000, 0x1c42e000, 0x45600000)
   the space 25464K,  58% used [0x1ab50000, 0x1b9c06d0, 0x1b9c0800, 0x1c42e000)
 Metaspace       used 32570K, capacity 34224K, committed 34304K, reserved 35200K
}
Event: 4708.525 GC heap before
{Heap before GC invocations=140 (full 7):
 def new generation   total 11520K, used 11117K [0x05600000, 0x06280000, 0x1ab50000)
  eden space 10240K, 100% used [0x05600000, 0x06000000, 0x06000000)
  from space 1280K,  68% used [0x06000000, 0x060db5a0, 0x06140000)
  to   space 1280K,   0% used [0x06140000, 0x06140000, 0x06280000)
 tenured generation   total 25464K, used 14785K [0x1ab50000, 0x1c42e000, 0x45600000)
   the space 25464K,  58% used [0x1ab50000, 0x1b9c06d0, 0x1b9c0800, 0x1c42e000)
 Metaspace       used 32600K, capacity 34296K, committed 34304K, reserved 35200K
Event: 4708.530 GC heap after
Heap after GC invocations=141 (full 7):
 def new generation   total 11520K, used 671K [0x05600000, 0x06280000, 0x1ab50000)
  eden space 10240K,   0% used [0x05600000, 0x05600000, 0x06000000)
  from space 1280K,  52% used [0x06140000, 0x061e7ff8, 0x06280000)
  to   space 1280K,   0% used [0x06000000, 0x06000000, 0x06140000)
 tenured generation   total 25464K, used 15325K [0x1ab50000, 0x1c42e000, 0x45600000)
   the space 25464K,  60% used [0x1ab50000, 0x1ba47590, 0x1ba47600, 0x1c42e000)
 Metaspace       used 32600K, capacity 34296K, committed 34304K, reserved 35200K
}
Event: 4708.704 GC heap before
{Heap before GC invocations=141 (full 7):
 def new generation   total 11520K, used 10911K [0x05600000, 0x06280000, 0x1ab50000)
  eden space 10240K, 100% used [0x05600000, 0x06000000, 0x06000000)
  from space 1280K,  52% used [0x06140000, 0x061e7ff8, 0x06280000)
  to   space 1280K,   0% used [0x06000000, 0x06000000, 0x06140000)
 tenured generation   total 25464K, used 15325K [0x1ab50000, 0x1c42e000, 0x45600000)
   the space 25464K,  60% used [0x1ab50000, 0x1ba47590, 0x1ba47600, 0x1c42e000)
 Metaspace       used 32618K, capacity 34303K, committed 34432K, reserved 35200K
Event: 4708.710 GC heap after
Heap after GC invocations=142 (full 7):
 def new generation   total 11520K, used 1161K [0x05600000, 0x06280000, 0x1ab50000)
  eden space 10240K,   0% used [0x05600000, 0x05600000, 0x06000000)
  from space 1280K,  90% used [0x06000000, 0x061227d0, 0x06140000)
  to   space 1280K,   0% used [0x06140000, 0x06140000, 0x06280000)
 tenured generation   total 25464K, used 15785K [0x1ab50000, 0x1c42e000, 0x45600000)
   the space 25464K,  61% used [0x1ab50000, 0x1baba728, 0x1baba800, 0x1c42e000)
 Metaspace       used 32618K, capacity 34303K, committed 34432K, reserved 35200K
}
Event: 4708.936 GC heap before
{Heap before GC invocations=142 (full 7):
 def new generation   total 11520K, used 11401K [0x05600000, 0x06280000, 0x1ab50000)
  eden space 10240K, 100% used [0x05600000, 0x06000000, 0x06000000)
  from space 1280K,  90% used [0x06000000, 0x061227d0, 0x06140000)
  to   space 1280K,   0% used [0x06140000, 0x06140000, 0x06280000)
 tenured generation   total 25464K, used 15785K [0x1ab50000, 0x1c42e000, 0x45600000)
   the space 25464K,  61% used [0x1ab50000, 0x1baba728, 0x1baba800, 0x1c42e000)
 Metaspace       used 32669K, capacity 34353K, committed 34432K, reserved 35200K
Event: 4708.946 GC heap after
Heap after GC invocations=143 (full 7):
 def new generation   total 11520K, used 1280K [0x05600000, 0x06280000, 0x1ab50000)
  eden space 10240K,   0% used [0x05600000, 0x05600000, 0x06000000)
  from space 1280K, 100% used [0x06140000, 0x06280000, 0x06280000)
  to   space 1280K,   0% used [0x06000000, 0x06000000, 0x06140000)
 tenured generation   total 25464K, used 16825K [0x1ab50000, 0x1c42e000, 0x45600000)
   the space 25464K,  66% used [0x1ab50000, 0x1bbbe658, 0x1bbbe800, 0x1c42e000)
 Metaspace       used 32669K, capacity 34353K, committed 34432K, reserved 35200K
}

